Running on local02
Process rnn with batchsize=1, lr=15e-3 starts
Namespace(N_contexts=2, N_cortical=8000, N_episodic=1000, N_responses='one', analysis_funcs=[<function calc_ratio at 0x7fa7fc773d08>], analysis_names=['calc_ratio'], balanced=False, bs_cortical=1, bs_episodic=16, checkpoints=50, cortical_model='rnn', cortical_task='face_task', dimred_method='pca', image_dir='images/', is_lesion=False, lesion_p=0.1, lr_cortical=0.0015, lr_episodic=0.001, measure_grad_norm=False, nruns_cortical=20, order_ctx='first', out_file='ctxF_results_rnn_sbs_e1.P', print_every=200, sbs_analysis=True, sbs_every=1, seed=0, truncated_mlp='false', use_cuda=False, use_em=False, use_images=True)
Using CUDA:  False
Cortical system is running with an LSTM
Run: 0, Step: 0, Loss: 0.6859548687934875
<string>:6: VisibleDeprecationWarning: Creating an ndarray from ragged nested sequences (which is a list-or-tuple of lists-or-tuples-or ndarrays with different lengths or shapes) is deprecated. If you meant to do this, you must specify 'dtype=object' when creating the ndarray
Run: 0, Step: 200, Loss: 0.6968107581138611
Run: 0, Step: 400, Loss: 0.6961838388442994
Run: 0, Step: 600, Loss: 0.6950125086307526
Run: 0, Step: 800, Loss: 0.7045969502627849
Run: 0, Step: 1000, Loss: 0.6950716611742973
Run: 0, Step: 1200, Loss: 0.694278065264225
Run: 0, Step: 1400, Loss: 0.6941017273068428
Run: 0, Step: 1600, Loss: 0.6938170489668846
Run: 0, Step: 1800, Loss: 0.6937690100073814
Run: 0, Step: 2000, Loss: 0.6937109100818634
Run: 0, Step: 2200, Loss: 0.6937013027071953
Run: 0, Step: 2400, Loss: 0.6936468350887298
Run: 0, Step: 2600, Loss: 0.6937826952338219
Run: 0, Step: 2800, Loss: 0.6950366994738579
Run: 0, Step: 3000, Loss: 0.6941238778829575
Run: 0, Step: 3200, Loss: 0.6939533871412277
Run: 0, Step: 3400, Loss: 0.6881304607354104
Run: 0, Step: 3600, Loss: 0.6531961833685637
Run: 0, Step: 3800, Loss: 0.6236662323866039
Run: 0, Step: 4000, Loss: 0.583053923300904
Run: 0, Step: 4200, Loss: 0.524350704479948
Run: 0, Step: 4400, Loss: 0.5006261832514065
Run: 0, Step: 4600, Loss: 0.400093450154622
Run: 0, Step: 4800, Loss: 0.375065143462725
Run: 0, Step: 5000, Loss: 0.3260012917366451
Run: 0, Step: 5200, Loss: 0.3148347456688271
Run: 0, Step: 5400, Loss: 0.339179871653281
Run: 0, Step: 5600, Loss: 0.30564810329182507
Run: 0, Step: 5800, Loss: 0.3174588181513508
Run: 0, Step: 6000, Loss: 0.3035905841193714
Run: 0, Step: 6200, Loss: 0.26021955415434866
Run: 0, Step: 6400, Loss: 0.321388559904988
Run: 0, Step: 6600, Loss: 0.1702425368557317
Run: 0, Step: 6800, Loss: 0.1272258183503276
Run: 0, Step: 7000, Loss: 0.030957498382707983
Run: 0, Step: 7200, Loss: 0.009207155274555063
Run: 0, Step: 7400, Loss: 0.003753005494883439
Run: 0, Step: 7600, Loss: 0.0021942316069644362
Run: 0, Step: 7800, Loss: 0.0015626348936429225
Run: 0, Step: 8000, Loss: 0.0011227432630170854
Cortical system training accuracy: 1.0
Cortical system testing accuracy: 1.0
Cortical system analyzing accuracy: [0.5        0.22916667 1.        ]
Cortical system is running with an LSTM
Run: 1, Step: 0, Loss: 0.6480395197868347
Run: 1, Step: 200, Loss: 0.6985553035140037
Run: 1, Step: 400, Loss: 0.6968620344996452
Run: 1, Step: 600, Loss: 0.6953695270419121
Run: 1, Step: 800, Loss: 0.6948520410060882
Run: 1, Step: 1000, Loss: 0.6943495064973831
Run: 1, Step: 1200, Loss: 0.6942441898584366
Run: 1, Step: 1400, Loss: 0.6936178216338158
Run: 1, Step: 1600, Loss: 0.6945979306101799
Run: 1, Step: 1800, Loss: 0.6931737914681435
Run: 1, Step: 2000, Loss: 0.68034260481596
Run: 1, Step: 2200, Loss: 0.5840288933832198
Run: 1, Step: 2400, Loss: 0.48704254772514105
Run: 1, Step: 2600, Loss: 0.37187593514537637
Run: 1, Step: 2800, Loss: 0.351416145696308
Run: 1, Step: 3000, Loss: 0.3226747510104923
Run: 1, Step: 3200, Loss: 0.32547226658706874
Run: 1, Step: 3400, Loss: 0.34589444461035695
Run: 1, Step: 3600, Loss: 0.2721940617271217
Run: 1, Step: 3800, Loss: 0.29535972324668974
Run: 1, Step: 4000, Loss: 0.2696256468517722
Run: 1, Step: 4200, Loss: 0.2624048299025057
Run: 1, Step: 4400, Loss: 0.4113740856236139
Run: 1, Step: 4600, Loss: 0.27158475558076955
Run: 1, Step: 4800, Loss: 0.2745009504075581
Run: 1, Step: 5000, Loss: 0.2937786472119693
Run: 1, Step: 5200, Loss: 0.23208099609763777
Run: 1, Step: 5400, Loss: 0.24316655127657966
Run: 1, Step: 5600, Loss: 0.22403249539420844
Run: 1, Step: 5800, Loss: 0.19763160439648053
Run: 1, Step: 6000, Loss: 0.17265682009686018
Run: 1, Step: 6200, Loss: 0.0718787261592907
Run: 1, Step: 6400, Loss: 0.21126882215903603
Run: 1, Step: 6600, Loss: 0.060845818747130166
Run: 1, Step: 6800, Loss: 0.012646057841944511
Run: 1, Step: 7000, Loss: 0.007548035204675685
Run: 1, Step: 7200, Loss: 0.003582034010125277
Run: 1, Step: 7400, Loss: 0.0026383287620258856
Run: 1, Step: 7600, Loss: 0.002151444397649307
Run: 1, Step: 7800, Loss: 0.0015059394339007426
Run: 1, Step: 8000, Loss: 0.001295212422936487
Cortical system training accuracy: 1.0
Cortical system testing accuracy: 1.0
Cortical system analyzing accuracy: [0.5     0.21875 1.     ]
Cortical system is running with an LSTM
Run: 2, Step: 0, Loss: 0.7071787714958191
Run: 2, Step: 200, Loss: 0.6981173810362816
Run: 2, Step: 400, Loss: 0.6966723638772965
Run: 2, Step: 600, Loss: 0.694569633603096
Run: 2, Step: 800, Loss: 0.6951006716489792
Run: 2, Step: 1000, Loss: 0.6942497676610947
Run: 2, Step: 1200, Loss: 0.6947590842843056
Run: 2, Step: 1400, Loss: 0.6942092436552048
Run: 2, Step: 1600, Loss: 0.6939165964722633
Run: 2, Step: 1800, Loss: 0.6935333958268166
Run: 2, Step: 2000, Loss: 0.6945006510615349
Run: 2, Step: 2200, Loss: 0.6937594443559647
Run: 2, Step: 2400, Loss: 0.6937456604838371
Run: 2, Step: 2600, Loss: 0.6951153019070625
Run: 2, Step: 2800, Loss: 0.6947215193510056
Run: 2, Step: 3000, Loss: 0.6936704847216606
Run: 2, Step: 3200, Loss: 0.6937457439303398
Run: 2, Step: 3400, Loss: 0.6939592704176902
Run: 2, Step: 3600, Loss: 0.6938158586621285
Run: 2, Step: 3800, Loss: 0.6937682411074638
Run: 2, Step: 4000, Loss: 0.694506051838398
Run: 2, Step: 4200, Loss: 0.6934657657146454
Run: 2, Step: 4400, Loss: 0.6945463001728058
Run: 2, Step: 4600, Loss: 0.6937611976265907
Run: 2, Step: 4800, Loss: 0.6939903745055198
Run: 2, Step: 5000, Loss: 0.6937131071090699
Run: 2, Step: 5200, Loss: 0.693580456674099
Run: 2, Step: 5400, Loss: 0.6947617593407631
Run: 2, Step: 5600, Loss: 0.6936595296859741
Run: 2, Step: 5800, Loss: 0.6936177659034729
Run: 2, Step: 6000, Loss: 0.6938664349913597
Run: 2, Step: 6200, Loss: 0.6938079774379731
Run: 2, Step: 6400, Loss: 0.6943359777331353
Run: 2, Step: 6600, Loss: 0.69387147128582
Run: 2, Step: 6800, Loss: 0.6940708059072495
Run: 2, Step: 7000, Loss: 0.6936508664488792
Run: 2, Step: 7200, Loss: 0.6943379533290863
Run: 2, Step: 7400, Loss: 0.6942877769470215
Run: 2, Step: 7600, Loss: 0.6935374349355697
Run: 2, Step: 7800, Loss: 0.6940849474072457
Run: 2, Step: 8000, Loss: 0.6947050029039383
Cortical system training accuracy: 0.5
Cortical system testing accuracy: 0.5
Cortical system analyzing accuracy: [0.5 0.5 0.5]
Cortical system is running with an LSTM
Run: 3, Step: 0, Loss: 0.655511736869812
Run: 3, Step: 200, Loss: 0.7002879530191422
Run: 3, Step: 400, Loss: 0.6964950755238533
Run: 3, Step: 600, Loss: 0.6951603323221207
Run: 3, Step: 800, Loss: 0.6945650991797447
Run: 3, Step: 1000, Loss: 0.6950781509280205
Run: 3, Step: 1200, Loss: 0.6927611690759659
Run: 3, Step: 1400, Loss: 0.6945352435112
Run: 3, Step: 1600, Loss: 0.6985132075101137
Run: 3, Step: 1800, Loss: 0.6952324488759041
Run: 3, Step: 2000, Loss: 0.6950829043984413
Run: 3, Step: 2200, Loss: 0.6942778357863426
Run: 3, Step: 2400, Loss: 0.6943771639466285
Run: 3, Step: 2600, Loss: 0.6941568797826767
Run: 3, Step: 2800, Loss: 0.6937640181183815
Run: 3, Step: 3000, Loss: 0.6946011152863503
Run: 3, Step: 3200, Loss: 0.6937462368607521
Run: 3, Step: 3400, Loss: 0.6938502955436706
Run: 3, Step: 3600, Loss: 0.6937366774678231
Run: 3, Step: 3800, Loss: 0.6935758247971535
Run: 3, Step: 4000, Loss: 0.6937350800633431
Run: 3, Step: 4200, Loss: 0.6939842358231545
Run: 3, Step: 4400, Loss: 0.6942116433382034
Run: 3, Step: 4600, Loss: 0.6935665759444237
Run: 3, Step: 4800, Loss: 0.6937423032522202
Run: 3, Step: 5000, Loss: 0.6936156985163688
Run: 3, Step: 5200, Loss: 0.69448297560215
Run: 3, Step: 5400, Loss: 0.6939841175079345
Run: 3, Step: 5600, Loss: 0.6939358165860177
Run: 3, Step: 5800, Loss: 0.6937897542119026
Run: 3, Step: 6000, Loss: 0.6938240405917168
Run: 3, Step: 6200, Loss: 0.694014636874199
Run: 3, Step: 6400, Loss: 0.6936375039815903
Run: 3, Step: 6600, Loss: 0.6940386149287224
Run: 3, Step: 6800, Loss: 0.6951654148101807
Run: 3, Step: 7000, Loss: 0.6937706881761551
Run: 3, Step: 7200, Loss: 0.6936957398056984
Run: 3, Step: 7400, Loss: 0.6938037261366844
Run: 3, Step: 7600, Loss: 0.6936168929934502
Run: 3, Step: 7800, Loss: 0.6938819625973701
Run: 3, Step: 8000, Loss: 0.693718533217907
Cortical system training accuracy: 0.5
Cortical system testing accuracy: 0.5
Cortical system analyzing accuracy: [0.5 0.5 0.5]
Cortical system is running with an LSTM
Run: 4, Step: 0, Loss: 0.625137984752655
Run: 4, Step: 200, Loss: 0.7029446771740914
Run: 4, Step: 400, Loss: 0.6955019196867943
Run: 4, Step: 600, Loss: 0.6951527392864227
Run: 4, Step: 800, Loss: 0.6946715950965882
Run: 4, Step: 1000, Loss: 0.6956916439533234
Run: 4, Step: 1200, Loss: 0.6943498641252518
Run: 4, Step: 1400, Loss: 0.6937241503596305
Run: 4, Step: 1600, Loss: 0.6949518591165542
Run: 4, Step: 1800, Loss: 0.6931503966450692
Run: 4, Step: 2000, Loss: 0.694824985563755
Run: 4, Step: 2200, Loss: 0.6950900614261627
Run: 4, Step: 2400, Loss: 0.6910195019841194
Run: 4, Step: 2600, Loss: 0.6664926970750094
Run: 4, Step: 2800, Loss: 0.6409524404536933
Run: 4, Step: 3000, Loss: 0.5811789995282015
Run: 4, Step: 3200, Loss: 0.6306233601871645
Run: 4, Step: 3400, Loss: 0.5777701041894033
Run: 4, Step: 3600, Loss: 0.5197393583605299
Run: 4, Step: 3800, Loss: 0.5353270523040555
Run: 4, Step: 4000, Loss: 0.5105725177121349
Run: 4, Step: 4200, Loss: 0.39785847102077243
Run: 4, Step: 4400, Loss: 0.3771621971399736
Run: 4, Step: 4600, Loss: 0.3492467103917005
Run: 4, Step: 4800, Loss: 0.34878189968151846
Run: 4, Step: 5000, Loss: 0.3443984237286135
Run: 4, Step: 5200, Loss: 0.3492398444782063
Run: 4, Step: 5400, Loss: 0.34387293416854425
Run: 4, Step: 5600, Loss: 0.3414136087220325
Run: 4, Step: 5800, Loss: 0.33405375318221564
Run: 4, Step: 6000, Loss: 0.36574771984387877
Run: 4, Step: 6200, Loss: 0.36969881899553186
Run: 4, Step: 6400, Loss: 0.32261341715062514
Run: 4, Step: 6600, Loss: 0.3551195778523239
Run: 4, Step: 6800, Loss: 0.6426827316544949
Run: 4, Step: 7000, Loss: 0.43783919478722966
Run: 4, Step: 7200, Loss: 0.35492322496910816
Run: 4, Step: 7400, Loss: 0.40361460465200705
Run: 4, Step: 7600, Loss: 0.3544674244884595
Run: 4, Step: 7800, Loss: 0.3411223329050094
Run: 4, Step: 8000, Loss: 0.3395272712611326
Cortical system training accuracy: 0.76875
Cortical system testing accuracy: 0.6875
Cortical system analyzing accuracy: [0.5        0.4375     0.77604167]
Cortical system is running with an LSTM
Run: 5, Step: 0, Loss: 0.7167869806289673
Run: 5, Step: 200, Loss: 0.7017900693416596
Run: 5, Step: 400, Loss: 0.6944826477766037
Run: 5, Step: 600, Loss: 0.6955552622675896
Run: 5, Step: 800, Loss: 0.6944358542561531
Run: 5, Step: 1000, Loss: 0.6940193980932235
Run: 5, Step: 1200, Loss: 0.697075960636139
Run: 5, Step: 1400, Loss: 0.6943367022275925
Run: 5, Step: 1600, Loss: 0.6935986793041229
Run: 5, Step: 1800, Loss: 0.6938591220974922
Run: 5, Step: 2000, Loss: 0.6943826434016228
Run: 5, Step: 2200, Loss: 0.6937947928905487
Run: 5, Step: 2400, Loss: 0.6935412693023681
Run: 5, Step: 2600, Loss: 0.6944953823089599
Run: 5, Step: 2800, Loss: 0.693604189157486
Run: 5, Step: 3000, Loss: 0.6938875430822372
Run: 5, Step: 3200, Loss: 0.6936315453052521
Run: 5, Step: 3400, Loss: 0.6938718399405479
Run: 5, Step: 3600, Loss: 0.6935873380303383
Run: 5, Step: 3800, Loss: 0.6937827363610267
Run: 5, Step: 4000, Loss: 0.6948116928339004
Run: 5, Step: 4200, Loss: 0.6943164575099945
Run: 5, Step: 4400, Loss: 0.6934696274995804
Run: 5, Step: 4600, Loss: 0.6941917791962624
Run: 5, Step: 4800, Loss: 0.6942092278599739
Run: 5, Step: 5000, Loss: 0.6943143209815026
Run: 5, Step: 5200, Loss: 0.6934011173248291
Run: 5, Step: 5400, Loss: 0.6941505879163742
Run: 5, Step: 5600, Loss: 0.6938990685343742
Run: 5, Step: 5800, Loss: 0.693847450017929
Run: 5, Step: 6000, Loss: 0.693694027364254
Run: 5, Step: 6200, Loss: 0.6939201754331589
Run: 5, Step: 6400, Loss: 0.6935355323553085
Run: 5, Step: 6600, Loss: 0.6956986400485039
Run: 5, Step: 6800, Loss: 0.6939716330170631
Run: 5, Step: 7000, Loss: 0.6937983086705208
Run: 5, Step: 7200, Loss: 0.6944354584813118
Run: 5, Step: 7400, Loss: 0.693915608227253
Run: 5, Step: 7600, Loss: 0.6939047715067863
Run: 5, Step: 7800, Loss: 0.6937452358007431
Run: 5, Step: 8000, Loss: 0.6936605107784272
Cortical system training accuracy: 0.5
Cortical system testing accuracy: 0.5
Cortical system analyzing accuracy: [0.5 0.5 0.5]
Cortical system is running with an LSTM
Run: 6, Step: 0, Loss: 0.7341439723968506
Run: 6, Step: 200, Loss: 0.6976710262894631
Run: 6, Step: 400, Loss: 0.6947173681855202
Run: 6, Step: 600, Loss: 0.6957382151484489
Run: 6, Step: 800, Loss: 0.6944735476374626
Run: 6, Step: 1000, Loss: 0.6943094930052758
Run: 6, Step: 1200, Loss: 0.6952426427602768
Run: 6, Step: 1400, Loss: 0.6935611751675606
Run: 6, Step: 1600, Loss: 0.6960287091135978
Run: 6, Step: 1800, Loss: 0.6920672219991684
Run: 6, Step: 2000, Loss: 0.6730142541229724
Run: 6, Step: 2200, Loss: 0.6437963402271271
Run: 6, Step: 2400, Loss: 0.6217567238584161
Run: 6, Step: 2600, Loss: 0.6024071273487062
Run: 6, Step: 2800, Loss: 0.5411297330493108
Run: 6, Step: 3000, Loss: 0.4841746417322429
Run: 6, Step: 3200, Loss: 0.3863696607347083
Run: 6, Step: 3400, Loss: 0.3498745663388047
Run: 6, Step: 3600, Loss: 0.3106228428192031
Run: 6, Step: 3800, Loss: 0.3390417428971848
Run: 6, Step: 4000, Loss: 0.30779856084169166
Run: 6, Step: 4200, Loss: 0.3216243133681383
Run: 6, Step: 4400, Loss: 0.2640990414673699
Run: 6, Step: 4600, Loss: 0.5176897125260563
Run: 6, Step: 4800, Loss: 0.2810764609610715
Run: 6, Step: 5000, Loss: 0.18190162853507758
Run: 6, Step: 5200, Loss: 0.11224213523969435
Run: 6, Step: 5400, Loss: 0.05668468060410273
Run: 6, Step: 5600, Loss: 0.014152267429809627
Run: 6, Step: 5800, Loss: 0.052227632960556464
Run: 6, Step: 6000, Loss: 0.008268437241154203
Run: 6, Step: 6200, Loss: 0.0019101113581160688
Run: 6, Step: 6400, Loss: 0.0015027911730608424
Run: 6, Step: 6600, Loss: 0.001118307979439379
Run: 6, Step: 6800, Loss: 0.0010523099815226188
Run: 6, Step: 7000, Loss: 0.0006842138000587284
Run: 6, Step: 7200, Loss: 0.0006475080559389212
Run: 6, Step: 7400, Loss: 0.0005220946108151026
Run: 6, Step: 7600, Loss: 0.0004151781904951335
Run: 6, Step: 7800, Loss: 0.0004397084485825786
Run: 6, Step: 8000, Loss: 0.0002940615928016399
Cortical system training accuracy: 1.0
Cortical system testing accuracy: 1.0
Cortical system analyzing accuracy: [0.5     0.21875 1.     ]
Cortical system is running with an LSTM
Run: 7, Step: 0, Loss: 0.7579134106636047
Run: 7, Step: 200, Loss: 0.6984862267971039
Run: 7, Step: 400, Loss: 0.6966849994659424
Run: 7, Step: 600, Loss: 0.6946357250213623
Run: 7, Step: 800, Loss: 0.6952815279364586
Run: 7, Step: 1000, Loss: 0.6956948181986808
Run: 7, Step: 1200, Loss: 0.6943217700719834
Run: 7, Step: 1400, Loss: 0.6939648047089577
Run: 7, Step: 1600, Loss: 0.6939962333440781
Run: 7, Step: 1800, Loss: 0.6934889194369316
Run: 7, Step: 2000, Loss: 0.6941931131482124
Run: 7, Step: 2200, Loss: 0.6939189785718918
Run: 7, Step: 2400, Loss: 0.6957969909906387
Run: 7, Step: 2600, Loss: 0.6942123636603356
Run: 7, Step: 2800, Loss: 0.6934824469685554
Run: 7, Step: 3000, Loss: 0.6947392520308494
Run: 7, Step: 3200, Loss: 0.6940234479308128
Run: 7, Step: 3400, Loss: 0.693660295009613
Run: 7, Step: 3600, Loss: 0.6940429544448853
Run: 7, Step: 3800, Loss: 0.694018956720829
Run: 7, Step: 4000, Loss: 0.6938638538122177
Run: 7, Step: 4200, Loss: 0.6935291284322739
Run: 7, Step: 4400, Loss: 0.6950370556116104
Run: 7, Step: 4600, Loss: 0.6931504747271537
Run: 7, Step: 4800, Loss: 0.6949650758504867
Run: 7, Step: 5000, Loss: 0.6935420742630959
Run: 7, Step: 5200, Loss: 0.6939997035264969
Run: 7, Step: 5400, Loss: 0.6957035255432129
Run: 7, Step: 5600, Loss: 0.6942735442519188
Run: 7, Step: 5800, Loss: 0.693965969979763
Run: 7, Step: 6000, Loss: 0.6937042531371117
Run: 7, Step: 6200, Loss: 0.6940563836693764
Run: 7, Step: 6400, Loss: 0.693740023970604
Run: 7, Step: 6600, Loss: 0.6937240466475487
Run: 7, Step: 6800, Loss: 0.693511318564415
Run: 7, Step: 7000, Loss: 0.6939037349820137
Run: 7, Step: 7200, Loss: 0.6935956537723541
Run: 7, Step: 7400, Loss: 0.6936057481169701
Run: 7, Step: 7600, Loss: 0.6944121983647347
Run: 7, Step: 7800, Loss: 0.6939355501532555
Run: 7, Step: 8000, Loss: 0.6938604053854942
Cortical system training accuracy: 0.5
Cortical system testing accuracy: 0.5
Cortical system analyzing accuracy: [0.5 0.5 0.5]
Cortical system is running with an LSTM
Run: 8, Step: 0, Loss: 0.6898475289344788
Run: 8, Step: 200, Loss: 0.696496017575264
Run: 8, Step: 400, Loss: 0.6974751326441765
Run: 8, Step: 600, Loss: 0.6947269609570503
Run: 8, Step: 800, Loss: 0.6952065867185593
Run: 8, Step: 1000, Loss: 0.6945019912719727
Run: 8, Step: 1200, Loss: 0.6951240149140357
Run: 8, Step: 1400, Loss: 0.6941077613830566
Run: 8, Step: 1600, Loss: 0.6939072450995445
Run: 8, Step: 1800, Loss: 0.6939309161901474
Run: 8, Step: 2000, Loss: 0.6935194060206413
Run: 8, Step: 2200, Loss: 0.8062662316550268
Run: 8, Step: 2400, Loss: 0.7304459833353758
Run: 8, Step: 2600, Loss: 0.7201615664362907
Run: 8, Step: 2800, Loss: 0.7382280519604683
Run: 8, Step: 3000, Loss: 0.7234610544145107
Run: 8, Step: 3200, Loss: 0.7141096690297126
Run: 8, Step: 3400, Loss: 0.7167742903530597
Run: 8, Step: 3600, Loss: 0.7284245210886001
Run: 8, Step: 3800, Loss: 0.7104595781862736
Run: 8, Step: 4000, Loss: 0.7121629086136818
Run: 8, Step: 4200, Loss: 0.7159704357385636
Run: 8, Step: 4400, Loss: 0.6994310823082924
Run: 8, Step: 4600, Loss: 0.7108350650966168
Run: 8, Step: 4800, Loss: 0.7178930303454399
Run: 8, Step: 5000, Loss: 0.7135827542841434
Run: 8, Step: 5200, Loss: 0.7070675559341908
Run: 8, Step: 5400, Loss: 0.7101624417304992
Run: 8, Step: 5600, Loss: 0.710168204754591
Run: 8, Step: 5800, Loss: 0.7141728976368904
Run: 8, Step: 6000, Loss: 0.7014732064306736
Run: 8, Step: 6200, Loss: 0.7023837043344975
Run: 8, Step: 6400, Loss: 0.7090656498074531
Run: 8, Step: 6600, Loss: 0.7039477072656155
Run: 8, Step: 6800, Loss: 0.7086901998519898
Run: 8, Step: 7000, Loss: 0.7187592619657517
Run: 8, Step: 7200, Loss: 0.7151186934113503
Run: 8, Step: 7400, Loss: 0.7080043862760067
Run: 8, Step: 7600, Loss: 0.7017545041441917
Run: 8, Step: 7800, Loss: 0.7108154493570328
Run: 8, Step: 8000, Loss: 0.701136362850666
Cortical system training accuracy: 0.5
Cortical system testing accuracy: 0.5
Cortical system analyzing accuracy: [0.5 0.5 0.5]
Cortical system is running with an LSTM
Run: 9, Step: 0, Loss: 0.6622200608253479
Run: 9, Step: 200, Loss: 0.7020218667387962
Run: 9, Step: 400, Loss: 0.6965486574172973
Run: 9, Step: 600, Loss: 0.6954731625318528
Run: 9, Step: 800, Loss: 0.6940927183628083
Run: 9, Step: 1000, Loss: 0.6935150367021561
Run: 9, Step: 1200, Loss: 0.6955431181192399
Run: 9, Step: 1400, Loss: 0.6948740041255951
Run: 9, Step: 1600, Loss: 0.6961165669560433
Run: 9, Step: 1800, Loss: 0.6941246843338013
Run: 9, Step: 2000, Loss: 0.6936377251148224
Run: 9, Step: 2200, Loss: 0.6940253016352653
Run: 9, Step: 2400, Loss: 0.6938667100667953
Run: 9, Step: 2600, Loss: 0.69358871281147
Run: 9, Step: 2800, Loss: 0.6937880873680115
Run: 9, Step: 3000, Loss: 0.6958375000953674
Run: 9, Step: 3200, Loss: 0.6940721160173416
Run: 9, Step: 3400, Loss: 0.6935539773106575
Run: 9, Step: 3600, Loss: 0.6939425253868103
Run: 9, Step: 3800, Loss: 0.6943374779820443
Run: 9, Step: 4000, Loss: 0.6938261187076569
Run: 9, Step: 4200, Loss: 0.6938251727819442
Run: 9, Step: 4400, Loss: 0.6941923016309738
Run: 9, Step: 4600, Loss: 0.6934771314263344
Run: 9, Step: 4800, Loss: 0.69374213129282
Run: 9, Step: 5000, Loss: 0.6942091190814972
Run: 9, Step: 5200, Loss: 0.6942107546329498
Run: 9, Step: 5400, Loss: 0.6936114048957824
Run: 9, Step: 5600, Loss: 0.6938264206051826
Run: 9, Step: 5800, Loss: 0.6942082136869431
Run: 9, Step: 6000, Loss: 0.6956754449009895
Run: 9, Step: 6200, Loss: 0.6941792231798172
Run: 9, Step: 6400, Loss: 0.693917671740055
Run: 9, Step: 6600, Loss: 0.6935630345344543
Run: 9, Step: 6800, Loss: 0.693796437382698
Run: 9, Step: 7000, Loss: 0.693634826540947
Run: 9, Step: 7200, Loss: 0.6939354056119919
Run: 9, Step: 7400, Loss: 0.693805932700634
Run: 9, Step: 7600, Loss: 0.693654018342495
Run: 9, Step: 7800, Loss: 0.6935070350766182
Run: 9, Step: 8000, Loss: 0.6940769216418267
Cortical system training accuracy: 0.5
Cortical system testing accuracy: 0.5
Cortical system analyzing accuracy: [0.5 0.5 0.5]
Cortical system is running with an LSTM
Run: 10, Step: 0, Loss: 0.6526073217391968
Run: 10, Step: 200, Loss: 0.6976211816072464
Run: 10, Step: 400, Loss: 0.6974924257397652
Run: 10, Step: 600, Loss: 0.6945789101719856
Run: 10, Step: 800, Loss: 0.6952244353294372
Run: 10, Step: 1000, Loss: 0.6937990218400956
Run: 10, Step: 1200, Loss: 0.6948662781715393
Run: 10, Step: 1400, Loss: 0.693617829978466
Run: 10, Step: 1600, Loss: 0.6942953243851662
Run: 10, Step: 1800, Loss: 0.69394071996212
Run: 10, Step: 2000, Loss: 0.6965964186191559
Run: 10, Step: 2200, Loss: 0.6932258051633835
Run: 10, Step: 2400, Loss: 0.6947281828522682
Run: 10, Step: 2600, Loss: 0.6937938994169235
Run: 10, Step: 2800, Loss: 0.6937923288345337
Run: 10, Step: 3000, Loss: 0.6942388913035393
Run: 10, Step: 3200, Loss: 0.6943126311898231
Run: 10, Step: 3400, Loss: 0.6938607037067414
Run: 10, Step: 3600, Loss: 0.6936219567060471
Run: 10, Step: 3800, Loss: 0.6940001827478409
Run: 10, Step: 4000, Loss: 0.6938610073924064
Run: 10, Step: 4200, Loss: 0.6938001301884651
Run: 10, Step: 4400, Loss: 0.6936511439085007
Run: 10, Step: 4600, Loss: 0.6958474549651146
Run: 10, Step: 4800, Loss: 0.6954783621430397
Run: 10, Step: 5000, Loss: 0.6936516544222832
Run: 10, Step: 5200, Loss: 0.6940519294142723
Run: 10, Step: 5400, Loss: 0.6938003161549569
Run: 10, Step: 5600, Loss: 0.6937471675872803
Run: 10, Step: 5800, Loss: 0.6938214209675789
Run: 10, Step: 6000, Loss: 0.693336119055748
Run: 10, Step: 6200, Loss: 0.6937982451915741
Run: 10, Step: 6400, Loss: 0.694559240937233
Run: 10, Step: 6600, Loss: 0.6936674565076828
Run: 10, Step: 6800, Loss: 0.6941581186652184
Run: 10, Step: 7000, Loss: 0.693162296116352
Run: 10, Step: 7200, Loss: 0.6954872980713844
Run: 10, Step: 7400, Loss: 0.6939160579442978
Run: 10, Step: 7600, Loss: 0.6939178529381752
Run: 10, Step: 7800, Loss: 0.6939048135280609
Run: 10, Step: 8000, Loss: 0.6941011685132981
Cortical system training accuracy: 0.5
Cortical system testing accuracy: 0.5
Cortical system analyzing accuracy: [0.5 0.5 0.5]
Cortical system is running with an LSTM
Run: 11, Step: 0, Loss: 0.6585835814476013
Run: 11, Step: 200, Loss: 0.6994621285796165
Run: 11, Step: 400, Loss: 0.6950894710421562
Run: 11, Step: 600, Loss: 0.6944494652748108
Run: 11, Step: 800, Loss: 0.6942256042361259
Run: 11, Step: 1000, Loss: 0.6954785180091858
Run: 11, Step: 1200, Loss: 0.6947432824969292
Run: 11, Step: 1400, Loss: 0.6945283889770508
Run: 11, Step: 1600, Loss: 0.6942352259159088
Run: 11, Step: 1800, Loss: 0.6939744865894317
Run: 11, Step: 2000, Loss: 0.6937311366200447
Run: 11, Step: 2200, Loss: 0.6936013221740722
Run: 11, Step: 2400, Loss: 0.6846565381810069
Run: 11, Step: 2600, Loss: 0.6040147522557526
Run: 11, Step: 2800, Loss: 0.6511311228061095
Run: 11, Step: 3000, Loss: 0.5848347920551896
Run: 11, Step: 3200, Loss: 0.5826733154244721
Run: 11, Step: 3400, Loss: 0.5707508698664605
Run: 11, Step: 3600, Loss: 0.5304330177907832
Run: 11, Step: 3800, Loss: 0.5385602503054543
Run: 11, Step: 4000, Loss: 0.4962857384420931
Run: 11, Step: 4200, Loss: 0.38050879031852675
Run: 11, Step: 4400, Loss: 0.3424379782329015
Run: 11, Step: 4600, Loss: 0.34464945608127323
Run: 11, Step: 4800, Loss: 0.32181317553368616
Run: 11, Step: 5000, Loss: 0.27653645102431
Run: 11, Step: 5200, Loss: 0.20939214708132192
Run: 11, Step: 5400, Loss: 0.19733058763392303
Run: 11, Step: 5600, Loss: 0.09387223953151817
Run: 11, Step: 5800, Loss: 0.017253170429774513
Run: 11, Step: 6000, Loss: 0.00562129875649191
Run: 11, Step: 6200, Loss: 0.0033845996588280514
Run: 11, Step: 6400, Loss: 0.001870462425118511
Run: 11, Step: 6600, Loss: 0.0012219845451192767
Run: 11, Step: 6800, Loss: 0.0010029913385033494
Run: 11, Step: 7000, Loss: 0.0007060240667752282
Run: 11, Step: 7200, Loss: 0.0005682330644020084
Run: 11, Step: 7400, Loss: 0.00042772444364644005
Run: 11, Step: 7600, Loss: 0.0002996599346152351
Run: 11, Step: 7800, Loss: 0.0003043602490094699
Run: 11, Step: 8000, Loss: 0.00022892466996079719
Cortical system training accuracy: 1.0
Cortical system testing accuracy: 1.0
Cortical system analyzing accuracy: [0.5        0.30208333 0.9921875 ]
Cortical system is running with an LSTM
Run: 12, Step: 0, Loss: 0.7326842546463013
Run: 12, Step: 200, Loss: 0.6984322011470795
Run: 12, Step: 400, Loss: 0.695711590051651
Run: 12, Step: 600, Loss: 0.6950798177719116
Run: 12, Step: 800, Loss: 0.6942617180943489
Run: 12, Step: 1000, Loss: 0.6942662400007248
Run: 12, Step: 1200, Loss: 0.6945339986681938
Run: 12, Step: 1400, Loss: 0.6971686244010925
Run: 12, Step: 1600, Loss: 0.6942956697940826
Run: 12, Step: 1800, Loss: 0.6939166077971458
Run: 12, Step: 2000, Loss: 0.694152077138424
Run: 12, Step: 2200, Loss: 0.6938333085179329
Run: 12, Step: 2400, Loss: 0.6959426620602608
Run: 12, Step: 2600, Loss: 0.6934100532531738
Run: 12, Step: 2800, Loss: 0.8370612567420176
Run: 12, Step: 3000, Loss: 0.7302227792143822
Run: 12, Step: 3200, Loss: 0.6991656203567982
Run: 12, Step: 3400, Loss: 0.7121685262024403
Run: 12, Step: 3600, Loss: 0.7100914011895657
Run: 12, Step: 3800, Loss: 0.7121590909361839
Run: 12, Step: 4000, Loss: 0.7045338329672813
Run: 12, Step: 4200, Loss: 0.7163365517556667
Run: 12, Step: 4400, Loss: 0.7037792153656482
Run: 12, Step: 4600, Loss: 0.703810967952013
Run: 12, Step: 4800, Loss: 0.7060642316937447
Run: 12, Step: 5000, Loss: 0.7088100549578666
Run: 12, Step: 5200, Loss: 0.7026011949777603
Run: 12, Step: 5400, Loss: 0.7113552223145961
Run: 12, Step: 5600, Loss: 0.7012832820415497
Run: 12, Step: 5800, Loss: 0.7140086804330349
Run: 12, Step: 6000, Loss: 0.704860996901989
Run: 12, Step: 6200, Loss: 0.7103392365574837
Run: 12, Step: 6400, Loss: 0.7066063047945499
Run: 12, Step: 6600, Loss: 0.7058826798200607
Run: 12, Step: 6800, Loss: 0.702940677702427
Run: 12, Step: 7000, Loss: 0.7072397935390472
Run: 12, Step: 7200, Loss: 0.7013697695732116
Run: 12, Step: 7400, Loss: 0.6977651189267635
Run: 12, Step: 7600, Loss: 0.702951845228672
Run: 12, Step: 7800, Loss: 0.7056779119372368
Run: 12, Step: 8000, Loss: 0.7039659163355827
Cortical system training accuracy: 0.5
Cortical system testing accuracy: 0.5
Cortical system analyzing accuracy: [0.5 0.5 0.5]
Cortical system is running with an LSTM
Run: 13, Step: 0, Loss: 0.6550841331481934
Run: 13, Step: 200, Loss: 0.6961032703518868
Run: 13, Step: 400, Loss: 0.6974024671316147
Run: 13, Step: 600, Loss: 0.6953108081221581
Run: 13, Step: 800, Loss: 0.6949001482129097
Run: 13, Step: 1000, Loss: 0.6941032335162163
Run: 13, Step: 1200, Loss: 0.6947301429510117
Run: 13, Step: 1400, Loss: 0.6941096642613411
Run: 13, Step: 1600, Loss: 0.6949074000120163
Run: 13, Step: 1800, Loss: 0.6947758692502976
Run: 13, Step: 2000, Loss: 0.6942410370707512
Run: 13, Step: 2200, Loss: 0.6941740706562995
Run: 13, Step: 2400, Loss: 0.6938532483577728
Run: 13, Step: 2600, Loss: 0.6936836725473404
Run: 13, Step: 2800, Loss: 0.6938669469952583
Run: 13, Step: 3000, Loss: 0.6934624221920968
Run: 13, Step: 3200, Loss: 0.6937822121381759
Run: 13, Step: 3400, Loss: 0.6939205864071846
Run: 13, Step: 3600, Loss: 0.6941304871439934
Run: 13, Step: 3800, Loss: 0.694247220158577
Run: 13, Step: 4000, Loss: 0.6941452756524086
Run: 13, Step: 4200, Loss: 0.6937743404507637
Run: 13, Step: 4400, Loss: 0.6938182619214058
Run: 13, Step: 4600, Loss: 0.6940852898359299
Run: 13, Step: 4800, Loss: 0.6995822547376156
Run: 13, Step: 5000, Loss: 0.6942963388562202
Run: 13, Step: 5200, Loss: 0.6944173637032509
Run: 13, Step: 5400, Loss: 0.693929408788681
Run: 13, Step: 5600, Loss: 0.6936020758748055
Run: 13, Step: 5800, Loss: 0.6933081263303756
Run: 13, Step: 6000, Loss: 0.6938197827339172
Run: 13, Step: 6200, Loss: 0.694828356206417
Run: 13, Step: 6400, Loss: 0.6942254269123077
Run: 13, Step: 6600, Loss: 0.6937946531176568
Run: 13, Step: 6800, Loss: 0.6939034110307694
Run: 13, Step: 7000, Loss: 0.6936736330389977
Run: 13, Step: 7200, Loss: 0.6940377724170684
Run: 13, Step: 7400, Loss: 0.6935184273123741
Run: 13, Step: 7600, Loss: 0.6942424336075783
Run: 13, Step: 7800, Loss: 0.6938439387083054
Run: 13, Step: 8000, Loss: 0.6938203716278076
Cortical system training accuracy: 0.5
Cortical system testing accuracy: 0.5
Cortical system analyzing accuracy: [0.5 0.5 0.5]
Cortical system is running with an LSTM
Run: 14, Step: 0, Loss: 0.6522261500358582
Run: 14, Step: 200, Loss: 0.7005678820610046
Run: 14, Step: 400, Loss: 0.6957079818844796
Run: 14, Step: 600, Loss: 0.6959366062283516
Run: 14, Step: 800, Loss: 0.694646577835083
Run: 14, Step: 1000, Loss: 0.6935387301445007
Run: 14, Step: 1200, Loss: 0.6926436573266983
Run: 14, Step: 1400, Loss: 0.6969550633430481
Run: 14, Step: 1600, Loss: 0.6944392746686936
Run: 14, Step: 1800, Loss: 0.6931119149923325
Run: 14, Step: 2000, Loss: 0.6972140814363956
Run: 14, Step: 2200, Loss: 0.6881039981544018
Run: 14, Step: 2400, Loss: 0.6758687010407448
Run: 14, Step: 2600, Loss: 0.6527371007204056
Run: 14, Step: 2800, Loss: 0.6777000728622079
Run: 14, Step: 3000, Loss: 0.6781466173380614
Run: 14, Step: 3200, Loss: 0.6433064147084951
Run: 14, Step: 3400, Loss: 0.6316036754101515
Run: 14, Step: 3600, Loss: 0.5908982199802995
Run: 14, Step: 3800, Loss: 0.6196044597029686
Run: 14, Step: 4000, Loss: 0.5585709666460752
Run: 14, Step: 4200, Loss: 0.5499149552313611
Run: 14, Step: 4400, Loss: 0.5448479675664566
Run: 14, Step: 4600, Loss: 0.513515932757291
Run: 14, Step: 4800, Loss: 0.48436409372894557
Run: 14, Step: 5000, Loss: 0.4206516544418264
Run: 14, Step: 5200, Loss: 0.36731847340455714
Run: 14, Step: 5400, Loss: 0.3822442883442636
Run: 14, Step: 5600, Loss: 0.3299132466014544
Run: 14, Step: 5800, Loss: 0.24111954304058714
Run: 14, Step: 6000, Loss: 0.3016042532414423
Run: 14, Step: 6200, Loss: 0.21157271621862947
Run: 14, Step: 6400, Loss: 0.19330397817552467
Run: 14, Step: 6600, Loss: 0.12614141537555498
Run: 14, Step: 6800, Loss: 0.06338774102060513
Run: 14, Step: 7000, Loss: 0.06500622530087334
Run: 14, Step: 7200, Loss: 0.051626725084442986
Run: 14, Step: 7400, Loss: 0.38822136743867
Run: 14, Step: 7600, Loss: 0.11935115507403704
Run: 14, Step: 7800, Loss: 0.03947290515930458
Run: 14, Step: 8000, Loss: 0.0318275123933093
Cortical system training accuracy: 1.0
Cortical system testing accuracy: 1.0
Cortical system analyzing accuracy: [0.5        0.42708333 0.984375  ]
Cortical system is running with an LSTM
Run: 15, Step: 0, Loss: 0.6687602400779724
Run: 15, Step: 200, Loss: 0.6976037621498108
Run: 15, Step: 400, Loss: 0.6960661724209786
Run: 15, Step: 600, Loss: 0.6949257546663284
Run: 15, Step: 800, Loss: 0.6944259351491928
Run: 15, Step: 1000, Loss: 0.694318416416645
Run: 15, Step: 1200, Loss: 0.6951727265119553
Run: 15, Step: 1400, Loss: 0.694220287501812
Run: 15, Step: 1600, Loss: 0.6941847711801529
Run: 15, Step: 1800, Loss: 0.6938336309790611
Run: 15, Step: 2000, Loss: 0.6948461499810219
Run: 15, Step: 2200, Loss: 0.6946872386336327
Run: 15, Step: 2400, Loss: 0.6494729130144696
Run: 15, Step: 2600, Loss: 0.654366121362691
Run: 15, Step: 2800, Loss: 0.6344083427148871
Run: 15, Step: 3000, Loss: 0.6158245607971913
Run: 15, Step: 3200, Loss: 0.6033737264091905
Run: 15, Step: 3400, Loss: 0.609074695064046
Run: 15, Step: 3600, Loss: 0.5518255401777242
Run: 15, Step: 3800, Loss: 0.5398980843046592
Run: 15, Step: 4000, Loss: 0.47645434775744433
Run: 15, Step: 4200, Loss: 0.40906025858736483
Run: 15, Step: 4400, Loss: 0.4188887181744076
Run: 15, Step: 4600, Loss: 0.3286439002446059
Run: 15, Step: 4800, Loss: 0.31810599618758034
Run: 15, Step: 5000, Loss: 0.2905686293885742
Run: 15, Step: 5200, Loss: 0.2627635357481745
Run: 15, Step: 5400, Loss: 0.28019713183288814
Run: 15, Step: 5600, Loss: 0.34714162986660596
Run: 15, Step: 5800, Loss: 0.21856111327015015
Run: 15, Step: 6000, Loss: 0.13726931727371267
Run: 15, Step: 6200, Loss: 0.15808664882568452
Run: 15, Step: 6400, Loss: 0.0547680270837958
Run: 15, Step: 6600, Loss: 0.00870880870972755
Run: 15, Step: 6800, Loss: 0.0033525690892752635
Run: 15, Step: 7000, Loss: 0.0019463185755247635
Run: 15, Step: 7200, Loss: 0.0014020604675176783
Run: 15, Step: 7400, Loss: 0.0010533336513612213
Run: 15, Step: 7600, Loss: 0.0007406143441833279
Run: 15, Step: 7800, Loss: 0.000604680164847835
Run: 15, Step: 8000, Loss: 0.000474767751161842
Cortical system training accuracy: 1.0
Cortical system testing accuracy: 1.0
Cortical system analyzing accuracy: [0.5        0.26041667 1.        ]
Cortical system is running with an LSTM
Run: 16, Step: 0, Loss: 0.7109426259994507
Run: 16, Step: 200, Loss: 0.6962946167588234
Run: 16, Step: 400, Loss: 0.697407854795456
Run: 16, Step: 600, Loss: 0.6944315257668495
Run: 16, Step: 800, Loss: 0.6943488067388535
Run: 16, Step: 1000, Loss: 0.6940439900755883
Run: 16, Step: 1200, Loss: 0.6941980549693108
Run: 16, Step: 1400, Loss: 0.6946996355056763
Run: 16, Step: 1600, Loss: 0.6944849950075149
Run: 16, Step: 1800, Loss: 0.6940803822875022
Run: 16, Step: 2000, Loss: 0.6947909539937973
Run: 16, Step: 2200, Loss: 0.694050450026989
Run: 16, Step: 2400, Loss: 0.6940827542543411
Run: 16, Step: 2600, Loss: 0.6937430465221405
Run: 16, Step: 2800, Loss: 0.6935644456744194
Run: 16, Step: 3000, Loss: 0.6939711293578148
Run: 16, Step: 3200, Loss: 0.6952437028288841
Run: 16, Step: 3400, Loss: 0.6937319955229759
Run: 16, Step: 3600, Loss: 0.6932165133953094
Run: 16, Step: 3800, Loss: 0.6949946302175521
Run: 16, Step: 4000, Loss: 0.6937681454420089
Run: 16, Step: 4200, Loss: 0.6933887088298798
Run: 16, Step: 4400, Loss: 0.6939635017514229
Run: 16, Step: 4600, Loss: 0.6938336446881295
Run: 16, Step: 4800, Loss: 0.6938456374406815
Run: 16, Step: 5000, Loss: 0.693835916519165
Run: 16, Step: 5200, Loss: 0.6940115070343018
Run: 16, Step: 5400, Loss: 0.693694320321083
Run: 16, Step: 5600, Loss: 0.6942689073085785
Run: 16, Step: 5800, Loss: 0.6949599894881249
Run: 16, Step: 6000, Loss: 0.6936016088724136
Run: 16, Step: 6200, Loss: 0.6937244030833244
Run: 16, Step: 6400, Loss: 0.6939907333254814
Run: 16, Step: 6600, Loss: 0.6939968222379684
Run: 16, Step: 6800, Loss: 0.6943251705169677
Run: 16, Step: 7000, Loss: 0.6947612419724465
Run: 16, Step: 7200, Loss: 0.693970003426075
Run: 16, Step: 7400, Loss: 0.6939768442511558
Run: 16, Step: 7600, Loss: 0.6938091346621513
Run: 16, Step: 7800, Loss: 0.6938356158137321
Run: 16, Step: 8000, Loss: 0.6940126156806946
Cortical system training accuracy: 0.5
Cortical system testing accuracy: 0.5
Cortical system analyzing accuracy: [0.5 0.5 0.5]
Cortical system is running with an LSTM
Run: 17, Step: 0, Loss: 0.655936062335968
Run: 17, Step: 200, Loss: 0.7007797333598137
Run: 17, Step: 400, Loss: 0.6935309359431266
Run: 17, Step: 600, Loss: 0.6959558960795402
Run: 17, Step: 800, Loss: 0.6943545860052108
Run: 17, Step: 1000, Loss: 0.6950171139836311
Run: 17, Step: 1200, Loss: 0.6943106168508529
Run: 17, Step: 1400, Loss: 0.6944336360692978
Run: 17, Step: 1600, Loss: 0.6944991347193717
Run: 17, Step: 1800, Loss: 0.6938969376683235
Run: 17, Step: 2000, Loss: 0.6934758600592613
Run: 17, Step: 2200, Loss: 0.6943757823109626
Run: 17, Step: 2400, Loss: 0.6940439584851265
Run: 17, Step: 2600, Loss: 0.6940561425685883
Run: 17, Step: 2800, Loss: 0.6941468492150307
Run: 17, Step: 3000, Loss: 0.6937988030910492
Run: 17, Step: 3200, Loss: 0.6942289358377457
Run: 17, Step: 3400, Loss: 0.6941367653012276
Run: 17, Step: 3600, Loss: 0.6937863448262215
Run: 17, Step: 3800, Loss: 0.6929497385025024
Run: 17, Step: 4000, Loss: 0.6955442234873772
Run: 17, Step: 4200, Loss: 0.6939151608943939
Run: 17, Step: 4400, Loss: 0.6927817368507385
Run: 17, Step: 4600, Loss: 0.6962353613972664
Run: 17, Step: 4800, Loss: 0.6937606969475746
Run: 17, Step: 5000, Loss: 0.6939278590679169
Run: 17, Step: 5200, Loss: 0.6931196215748787
Run: 17, Step: 5400, Loss: 0.6946108436584473
Run: 17, Step: 5600, Loss: 0.69394297093153
Run: 17, Step: 5800, Loss: 0.6937724179029465
Run: 17, Step: 6000, Loss: 0.6931520998477936
Run: 17, Step: 6200, Loss: 0.6944620391726494
Run: 17, Step: 6400, Loss: 0.6939396676421166
Run: 17, Step: 6600, Loss: 0.6933419930934906
Run: 17, Step: 6800, Loss: 0.6956856480240822
Run: 17, Step: 7000, Loss: 0.6938872930407524
Run: 17, Step: 7200, Loss: 0.6939057466387749
Run: 17, Step: 7400, Loss: 0.693511638045311
Run: 17, Step: 7600, Loss: 0.6938376194238662
Run: 17, Step: 7800, Loss: 0.6938841086626053
Run: 17, Step: 8000, Loss: 0.6937021639943123
Cortical system training accuracy: 0.5
Cortical system testing accuracy: 0.5
Cortical system analyzing accuracy: [0.5 0.5 0.5]
Cortical system is running with an LSTM
Run: 18, Step: 0, Loss: 0.6827241778373718
Run: 18, Step: 200, Loss: 0.6999940237402916
Run: 18, Step: 400, Loss: 0.6967175063490868
Run: 18, Step: 600, Loss: 0.6949517804384232
Run: 18, Step: 800, Loss: 0.6939981576800346
Run: 18, Step: 1000, Loss: 0.69380686044693
Run: 18, Step: 1200, Loss: 0.6944680732488632
Run: 18, Step: 1400, Loss: 0.6946549439430236
Run: 18, Step: 1600, Loss: 0.693946184515953
Run: 18, Step: 1800, Loss: 0.6936666393280029
Run: 18, Step: 2000, Loss: 0.6932580131292343
Run: 18, Step: 2200, Loss: 0.6966954492032528
Run: 18, Step: 2400, Loss: 0.682277578562498
Run: 18, Step: 2600, Loss: 0.6637118967622518
Run: 18, Step: 2800, Loss: 0.6544149345904589
Run: 18, Step: 3000, Loss: 0.637849496183917
Run: 18, Step: 3200, Loss: 0.616892046155408
Run: 18, Step: 3400, Loss: 0.5766046417329926
Run: 18, Step: 3600, Loss: 0.5139130475977436
Run: 18, Step: 3800, Loss: 0.4706815853039734
Run: 18, Step: 4000, Loss: 0.46135147153797335
Run: 18, Step: 4200, Loss: 0.39602291502773823
Run: 18, Step: 4400, Loss: 0.29004166131131287
Run: 18, Step: 4600, Loss: 0.35542909051580723
Run: 18, Step: 4800, Loss: 0.3260810764789987
Run: 18, Step: 5000, Loss: 0.3250089031802865
Run: 18, Step: 5200, Loss: 0.34042792314219683
Run: 18, Step: 5400, Loss: 0.3104561123292267
Run: 18, Step: 5600, Loss: 0.31816059894021403
Run: 18, Step: 5800, Loss: 0.32813672204739847
Run: 18, Step: 6000, Loss: 0.5523105270038957
Run: 18, Step: 6200, Loss: 0.43183602033057467
Run: 18, Step: 6400, Loss: 0.3308911368470444
Run: 18, Step: 6600, Loss: 0.31663014412744134
Run: 18, Step: 6800, Loss: 0.31787509538396164
Run: 18, Step: 7000, Loss: 0.3201168027079973
Run: 18, Step: 7200, Loss: 0.2964324813676283
Run: 18, Step: 7400, Loss: 0.2729866645659779
Run: 18, Step: 7600, Loss: 0.27142990981740767
Run: 18, Step: 7800, Loss: 0.4224572362397605
Run: 18, Step: 8000, Loss: 0.18570370477610085
Cortical system training accuracy: 0.94375
Cortical system testing accuracy: 0.96875
Cortical system analyzing accuracy: [0.5        0.30208333 0.96354167]
Cortical system is running with an LSTM
Run: 19, Step: 0, Loss: 0.6705352663993835
Run: 19, Step: 200, Loss: 0.7010175886750222
Run: 19, Step: 400, Loss: 0.6945249140262604
Run: 19, Step: 600, Loss: 0.694595621228218
Run: 19, Step: 800, Loss: 0.6942950105667114
Run: 19, Step: 1000, Loss: 0.6954657396674156
Run: 19, Step: 1200, Loss: 0.6941059464216233
Run: 19, Step: 1400, Loss: 0.6934324178099632
Run: 19, Step: 1600, Loss: 0.6954222843050957
Run: 19, Step: 1800, Loss: 0.6964920595288276
Run: 19, Step: 2000, Loss: 0.6920480994880199
Run: 19, Step: 2200, Loss: 0.6542276550084353
Run: 19, Step: 2400, Loss: 0.6131337384134531
Run: 19, Step: 2600, Loss: 0.5838225464243442
Run: 19, Step: 2800, Loss: 0.5929248115001247
Run: 19, Step: 3000, Loss: 0.6023220328381285
Run: 19, Step: 3200, Loss: 0.5684791284007952
Run: 19, Step: 3400, Loss: 0.5613963907101425
Run: 19, Step: 3600, Loss: 0.526107975661289
Run: 19, Step: 3800, Loss: 0.5617494619451463
Run: 19, Step: 4000, Loss: 0.5382819595816545
Run: 19, Step: 4200, Loss: 0.546058086756384
Run: 19, Step: 4400, Loss: 0.5184110485040583
Run: 19, Step: 4600, Loss: 0.5435605893009051
Run: 19, Step: 4800, Loss: 0.532948855587747
Run: 19, Step: 5000, Loss: 0.5275077371066437
Run: 19, Step: 5200, Loss: 0.51847404115666
Run: 19, Step: 5400, Loss: 0.5284099213342415
Run: 19, Step: 5600, Loss: 0.5102794100911524
Run: 19, Step: 5800, Loss: 0.47511218742067285
Run: 19, Step: 6000, Loss: 0.4130857055417721
Run: 19, Step: 6200, Loss: 0.3364303789893941
Run: 19, Step: 6400, Loss: 0.2645713489591569
Run: 19, Step: 6600, Loss: 0.16882742162978442
Run: 19, Step: 6800, Loss: 0.37162291313083323
Run: 19, Step: 7000, Loss: 0.10590519226440315
Run: 19, Step: 7200, Loss: 0.02985308579517227
Run: 19, Step: 7400, Loss: 0.009856807741689231
Run: 19, Step: 7600, Loss: 0.006215748152360447
Run: 19, Step: 7800, Loss: 0.0030901578153441278
Run: 19, Step: 8000, Loss: 0.0023032786004847593
Cortical system training accuracy: 1.0
Cortical system testing accuracy: 1.0
Cortical system analyzing accuracy: [0.5        0.16666667 1.        ]
num of checkpoints:  161
num of runs:  20
Doing analysis calc_ratio
